<?xml version="1.0" encoding="UTF-8"?>
<coverage generated="1740991602">
  <project timestamp="1740991602">
    <file name="/home/pratiksha/dev/Neo4j-Client/src/Authentication/AuthenticateInterface.php">
      <metrics loc="16" ncloc="13" classes="0" methods="0" coveredmethods="0" conditionals="0" coveredconditionals="0" statements="0" coveredstatements="0" elements="0" coveredelements="0"/>
    </file>
    <file name="/home/pratiksha/dev/Neo4j-Client/src/Authentication/BasicAuthentication.php">
      <class name="Neo4j\QueryAPI\Authentication\BasicAuthentication" namespace="global">
        <metrics complexity="6" methods="4" coveredmethods="4" conditionals="0" coveredconditionals="0" statements="6" coveredstatements="6" elements="10" coveredelements="10"/>
      </class>
      <line num="12" type="method" name="__construct" visibility="public" complexity="3" crap="3" count="57"/>
      <line num="14" type="stmt" count="57"/>
      <line num="15" type="stmt" count="57"/>
      <line num="19" type="method" name="authenticate" visibility="public" complexity="1" crap="1" count="46"/>
      <line num="22" type="stmt" count="46"/>
      <line num="23" type="stmt" count="46"/>
      <line num="26" type="method" name="getHeader" visibility="public" complexity="1" crap="1" count="50"/>
      <line num="29" type="stmt" count="50"/>
      <line num="34" type="method" name="getType" visibility="public" complexity="1" crap="1" count="3"/>
      <line num="37" type="stmt" count="3"/>
      <metrics loc="40" ncloc="37" classes="1" methods="4" coveredmethods="4" conditionals="0" coveredconditionals="0" statements="6" coveredstatements="6" elements="10" coveredelements="10"/>
    </file>
    <file name="/home/pratiksha/dev/Neo4j-Client/src/Authentication/BearerAuthentication.php">
      <class name="Neo4j\QueryAPI\Authentication\BearerAuthentication" namespace="global">
        <metrics complexity="4" methods="4" coveredmethods="4" conditionals="0" coveredconditionals="0" statements="5" coveredstatements="5" elements="9" coveredelements="9"/>
      </class>
      <line num="9" type="method" name="__construct" visibility="public" complexity="1" crap="1" count="5"/>
      <line num="11" type="stmt" count="5"/>
      <line num="13" type="method" name="authenticate" visibility="public" complexity="1" crap="1" count="1"/>
      <line num="16" type="stmt" count="1"/>
      <line num="17" type="stmt" count="1"/>
      <line num="21" type="method" name="getHeader" visibility="public" complexity="1" crap="1" count="2"/>
      <line num="24" type="stmt" count="2"/>
      <line num="28" type="method" name="getType" visibility="public" complexity="1" crap="1" count="2"/>
      <line num="31" type="stmt" count="2"/>
      <metrics loc="34" ncloc="34" classes="1" methods="4" coveredmethods="4" conditionals="0" coveredconditionals="0" statements="5" coveredstatements="5" elements="9" coveredelements="9"/>
    </file>
    <file name="/home/pratiksha/dev/Neo4j-Client/src/Authentication/NoAuth.php">
      <class name="Neo4j\QueryAPI\Authentication\NoAuth" namespace="global">
        <metrics complexity="3" methods="3" coveredmethods="3" conditionals="0" coveredconditionals="0" statements="3" coveredstatements="3" elements="6" coveredelements="6"/>
      </class>
      <line num="9" type="method" name="getHeader" visibility="public" complexity="1" crap="1" count="1"/>
      <line num="12" type="stmt" count="1"/>
      <line num="15" type="method" name="getType" visibility="public" complexity="1" crap="1" count="1"/>
      <line num="18" type="stmt" count="1"/>
      <line num="20" type="method" name="authenticate" visibility="public" complexity="1" crap="1" count="2"/>
      <line num="23" type="stmt" count="2"/>
      <metrics loc="26" ncloc="26" classes="1" methods="3" coveredmethods="3" conditionals="0" coveredconditionals="0" statements="3" coveredstatements="3" elements="6" coveredelements="6"/>
    </file>
    <file name="/home/pratiksha/dev/Neo4j-Client/src/Configuration.php">
      <class name="Neo4j\QueryAPI\Configuration" namespace="global">
        <metrics complexity="1" methods="1" coveredmethods="1" conditionals="0" coveredconditionals="0" statements="1" coveredstatements="1" elements="2" coveredelements="2"/>
      </class>
      <line num="22" type="method" name="__construct" visibility="public" complexity="1" crap="1" count="50"/>
      <line num="30" type="stmt" count="50"/>
      <metrics loc="32" ncloc="21" classes="1" methods="1" coveredmethods="1" conditionals="0" coveredconditionals="0" statements="1" coveredstatements="1" elements="2" coveredelements="2"/>
    </file>
    <file name="/home/pratiksha/dev/Neo4j-Client/src/Enums/AccessMode.php">
      <metrics loc="10" ncloc="10" classes="0" methods="0" coveredmethods="0" conditionals="0" coveredconditionals="0" statements="0" coveredstatements="0" elements="0" coveredelements="0"/>
    </file>
    <file name="/home/pratiksha/dev/Neo4j-Client/src/Exception/Neo4jException.php">
      <class name="Neo4j\QueryAPI\Exception\Neo4jException" namespace="global">
        <metrics complexity="6" methods="6" coveredmethods="6" conditionals="0" coveredconditionals="0" statements="13" coveredstatements="13" elements="19" coveredelements="19"/>
      </class>
      <line num="14" type="method" name="__construct" visibility="public" complexity="1" crap="1" count="10"/>
      <line num="19" type="stmt" count="10"/>
      <line num="20" type="stmt" count="10"/>
      <line num="21" type="stmt" count="10"/>
      <line num="22" type="stmt" count="10"/>
      <line num="23" type="stmt" count="10"/>
      <line num="25" type="stmt" count="10"/>
      <line num="26" type="stmt" count="10"/>
      <line num="36" type="method" name="fromNeo4jResponse" visibility="public" complexity="1" crap="1" count="7"/>
      <line num="39" type="stmt" count="7"/>
      <line num="42" type="stmt" count="7"/>
      <line num="45" type="method" name="getErrorCode" visibility="public" complexity="1" crap="1" count="6"/>
      <line num="47" type="stmt" count="6"/>
      <line num="50" type="method" name="getType" visibility="public" complexity="1" crap="1" count="6"/>
      <line num="52" type="stmt" count="6"/>
      <line num="55" type="method" name="getSubType" visibility="public" complexity="1" crap="1" count="6"/>
      <line num="57" type="stmt" count="6"/>
      <line num="60" type="method" name="getName" visibility="public" complexity="1" crap="1" count="7"/>
      <line num="62" type="stmt" count="7"/>
      <metrics loc="65" ncloc="58" classes="1" methods="6" coveredmethods="6" conditionals="0" coveredconditionals="0" statements="13" coveredstatements="13" elements="19" coveredelements="19"/>
    </file>
    <file name="/home/pratiksha/dev/Neo4j-Client/src/Neo4jQueryAPI.php">
      <class name="Neo4j\QueryAPI\Neo4jQueryAPI" namespace="global">
        <metrics complexity="15" methods="7" coveredmethods="4" conditionals="0" coveredconditionals="0" statements="46" coveredstatements="37" elements="53" coveredelements="41"/>
      </class>
      <line num="18" type="method" name="__construct" visibility="public" complexity="1" crap="1" count="43"/>
      <line num="25" type="stmt" count="43"/>
      <line num="27" type="method" name="login" visibility="public" complexity="5" crap="5" count="43"/>
      <line num="29" type="stmt" count="43"/>
      <line num="31" type="stmt" count="43"/>
      <line num="32" type="stmt" count="43"/>
      <line num="33" type="stmt" count="43"/>
      <line num="34" type="stmt" count="43"/>
      <line num="36" type="stmt" count="1"/>
      <line num="39" type="stmt" count="42"/>
      <line num="41" type="stmt" count="42"/>
      <line num="42" type="stmt" count="42"/>
      <line num="43" type="stmt" count="42"/>
      <line num="44" type="stmt" count="42"/>
      <line num="45" type="stmt" count="42"/>
      <line num="46" type="stmt" count="42"/>
      <line num="47" type="stmt" count="42"/>
      <line num="48" type="stmt" count="42"/>
      <line num="49" type="stmt" count="42"/>
      <line num="50" type="stmt" count="42"/>
      <line num="51" type="stmt" count="42"/>
      <line num="54" type="method" name="create" visibility="public" complexity="1" crap="1" count="35"/>
      <line num="56" type="stmt" count="35"/>
      <line num="60" type="method" name="getConfig" visibility="public" complexity="1" crap="1" count="2"/>
      <line num="62" type="stmt" count="2"/>
      <line num="69" type="method" name="run" visibility="public" complexity="2" crap="2.26" count="40"/>
      <line num="71" type="stmt" count="40"/>
      <line num="74" type="stmt" count="40"/>
      <line num="75" type="stmt" count="0"/>
      <line num="76" type="stmt" count="0"/>
      <line num="79" type="stmt" count="40"/>
      <line num="82" type="method" name="beginTransaction" visibility="public" complexity="2" crap="2.01" count="4"/>
      <line num="84" type="stmt" count="4"/>
      <line num="87" type="stmt" count="4"/>
      <line num="88" type="stmt" count="0"/>
      <line num="89" type="stmt" count="0"/>
      <line num="92" type="stmt" count="4"/>
      <line num="93" type="stmt" count="4"/>
      <line num="94" type="stmt" count="4"/>
      <line num="95" type="stmt" count="4"/>
      <line num="97" type="stmt" count="4"/>
      <line num="98" type="stmt" count="4"/>
      <line num="99" type="stmt" count="4"/>
      <line num="100" type="stmt" count="4"/>
      <line num="101" type="stmt" count="4"/>
      <line num="102" type="stmt" count="4"/>
      <line num="103" type="stmt" count="4"/>
      <line num="113" type="method" name="handleRequestException" visibility="private" complexity="3" crap="12" count="0"/>
      <line num="115" type="stmt" count="0"/>
      <line num="117" type="stmt" count="0"/>
      <line num="118" type="stmt" count="0"/>
      <line num="119" type="stmt" count="0"/>
      <line num="122" type="stmt" count="0"/>
      <metrics loc="125" ncloc="115" classes="1" methods="7" coveredmethods="4" conditionals="0" coveredconditionals="0" statements="46" coveredstatements="37" elements="53" coveredelements="41"/>
    </file>
    <file name="/home/pratiksha/dev/Neo4j-Client/src/Neo4jRequestFactory.php">
      <class name="Neo4j\QueryAPI\Neo4jRequestFactory" namespace="global">
        <metrics complexity="14" methods="7" coveredmethods="7" conditionals="0" coveredconditionals="0" statements="28" coveredstatements="28" elements="35" coveredelements="35"/>
      </class>
      <line num="13" type="method" name="__construct" visibility="public" complexity="1" crap="1" count="49"/>
      <line num="19" type="stmt" count="49"/>
      <line num="21" type="method" name="buildRunQueryRequest" visibility="public" complexity="1" crap="1" count="43"/>
      <line num="25" type="stmt" count="43"/>
      <line num="28" type="method" name="buildBeginTransactionRequest" visibility="public" complexity="1" crap="1" count="5"/>
      <line num="30" type="stmt" count="5"/>
      <line num="33" type="method" name="buildCommitRequest" visibility="public" complexity="1" crap="1" count="3"/>
      <line num="35" type="stmt" count="3"/>
      <line num="36" type="stmt" count="3"/>
      <line num="39" type="method" name="buildRollbackRequest" visibility="public" complexity="1" crap="1" count="3"/>
      <line num="41" type="stmt" count="3"/>
      <line num="42" type="stmt" count="3"/>
      <line num="43" type="stmt" count="3"/>
      <line num="46" type="method" name="buildTransactionRunRequest" visibility="public" complexity="1" crap="1" count="4"/>
      <line num="48" type="stmt" count="4"/>
      <line num="49" type="stmt" count="4"/>
      <line num="52" type="method" name="createRequest" visibility="private" complexity="8" crap="8" count="46"/>
      <line num="54" type="stmt" count="46"/>
      <line num="56" type="stmt" count="46"/>
      <line num="58" type="stmt" count="46"/>
      <line num="59" type="stmt" count="46"/>
      <line num="62" type="stmt" count="46"/>
      <line num="63" type="stmt" count="2"/>
      <line num="66" type="stmt" count="46"/>
      <line num="67" type="stmt" count="43"/>
      <line num="70" type="stmt" count="46"/>
      <line num="71" type="stmt" count="28"/>
      <line num="75" type="stmt" count="46"/>
      <line num="76" type="stmt" count="46"/>
      <line num="79" type="stmt" count="46"/>
      <line num="80" type="stmt" count="46"/>
      <line num="82" type="stmt" count="46"/>
      <line num="84" type="stmt" count="46"/>
      <line num="86" type="stmt" count="46"/>
      <line num="88" type="stmt" count="46"/>
      <metrics loc="91" ncloc="90" classes="1" methods="7" coveredmethods="7" conditionals="0" coveredconditionals="0" statements="28" coveredstatements="28" elements="35" coveredelements="35"/>
    </file>
    <file name="/home/pratiksha/dev/Neo4j-Client/src/OGM.php">
      <class name="Neo4j\QueryAPI\OGM" namespace="global">
        <metrics complexity="25" methods="7" coveredmethods="4" conditionals="0" coveredconditionals="0" statements="61" coveredstatements="57" elements="68" coveredelements="61"/>
      </class>
      <line num="17" type="method" name="map" visibility="public" complexity="6" crap="6.02" count="47"/>
      <line num="19" type="stmt" count="47"/>
      <line num="20" type="stmt" count="0"/>
      <line num="23" type="stmt" count="47"/>
      <line num="24" type="stmt" count="36"/>
      <line num="25" type="stmt" count="4"/>
      <line num="26" type="stmt" count="2"/>
      <line num="27" type="stmt" count="9"/>
      <line num="28" type="stmt" count="6"/>
      <line num="29" type="stmt" count="6"/>
      <line num="30" type="stmt" count="2"/>
      <line num="31" type="stmt" count="1"/>
      <line num="32" type="stmt" count="46"/>
      <line num="33" type="stmt" count="47"/>
      <line num="37" type="method" name="parsePoint" visibility="private" complexity="3" crap="3" count="6"/>
      <line num="39" type="stmt" count="6"/>
      <line num="40" type="stmt" count="5"/>
      <line num="41" type="stmt" count="5"/>
      <line num="42" type="stmt" count="5"/>
      <line num="43" type="stmt" count="5"/>
      <line num="45" type="stmt" count="5"/>
      <line num="48" type="stmt" count="1"/>
      <line num="52" type="method" name="mapNode" visibility="private" complexity="1" crap="1" count="10"/>
      <line num="54" type="stmt" count="10"/>
      <line num="55" type="stmt" count="10"/>
      <line num="56" type="stmt" count="10"/>
      <line num="57" type="stmt" count="10"/>
      <line num="60" type="method" name="mapRelationship" visibility="private" complexity="1" crap="1" count="3"/>
      <line num="62" type="stmt" count="3"/>
      <line num="63" type="stmt" count="3"/>
      <line num="64" type="stmt" count="3"/>
      <line num="65" type="stmt" count="3"/>
      <line num="69" type="method" name="parseWKT" visibility="public" complexity="3" crap="3.00" count="2"/>
      <line num="71" type="stmt" count="2"/>
      <line num="72" type="stmt" count="2"/>
      <line num="73" type="stmt" count="1"/>
      <line num="75" type="stmt" count="1"/>
      <line num="76" type="stmt" count="1"/>
      <line num="78" type="stmt" count="1"/>
      <line num="79" type="stmt" count="1"/>
      <line num="80" type="stmt" count="0"/>
      <line num="82" type="stmt" count="1"/>
      <line num="84" type="stmt" count="1"/>
      <line num="85" type="stmt" count="1"/>
      <line num="86" type="stmt" count="1"/>
      <line num="88" type="stmt" count="1"/>
      <line num="90" type="stmt" count="1"/>
      <line num="94" type="method" name="mapPath" visibility="private" complexity="4" crap="4" count="1"/>
      <line num="96" type="stmt" count="1"/>
      <line num="97" type="stmt" count="1"/>
      <line num="99" type="stmt" count="1"/>
      <line num="100" type="stmt" count="1"/>
      <line num="101" type="stmt" count="1"/>
      <line num="102" type="stmt" count="1"/>
      <line num="103" type="stmt" count="1"/>
      <line num="107" type="stmt" count="1"/>
      <line num="110" type="method" name="mapProperties" visibility="private" complexity="7" crap="7.29" count="16"/>
      <line num="113" type="stmt" count="16"/>
      <line num="115" type="stmt" count="16"/>
      <line num="116" type="stmt" count="15"/>
      <line num="117" type="stmt" count="13"/>
      <line num="118" type="stmt" count="2"/>
      <line num="119" type="stmt" count="2"/>
      <line num="120" type="stmt" count="2"/>
      <line num="121" type="stmt" count="2"/>
      <line num="123" type="stmt" count="0"/>
      <line num="125" type="stmt" count="0"/>
      <line num="129" type="stmt" count="16"/>
      <metrics loc="134" ncloc="130" classes="1" methods="7" coveredmethods="4" conditionals="0" coveredconditionals="0" statements="61" coveredstatements="57" elements="68" coveredelements="61"/>
    </file>
    <file name="/home/pratiksha/dev/Neo4j-Client/src/Objects/Authentication.php">
      <class name="Neo4j\QueryAPI\Objects\Authentication" namespace="global">
        <metrics complexity="6" methods="4" coveredmethods="4" conditionals="0" coveredconditionals="0" statements="9" coveredstatements="9" elements="13" coveredelements="13"/>
      </class>
      <line num="12" type="method" name="basic" visibility="public" complexity="1" crap="1" count="3"/>
      <line num="14" type="stmt" count="3"/>
      <line num="18" type="method" name="fromEnvironment" visibility="public" complexity="3" crap="3" count="51"/>
      <line num="20" type="stmt" count="51"/>
      <line num="21" type="stmt" count="51"/>
      <line num="23" type="stmt" count="51"/>
      <line num="24" type="stmt" count="51"/>
      <line num="25" type="stmt" count="51"/>
      <line num="26" type="stmt" count="51"/>
      <line num="30" type="method" name="bearer" visibility="public" complexity="1" crap="1" count="2"/>
      <line num="32" type="stmt" count="2"/>
      <line num="35" type="method" name="noAuth" visibility="public" complexity="1" crap="1" count="1"/>
      <line num="37" type="stmt" count="1"/>
      <metrics loc="40" ncloc="40" classes="1" methods="4" coveredmethods="4" conditionals="0" coveredconditionals="0" statements="9" coveredstatements="9" elements="13" coveredelements="13"/>
    </file>
    <file name="/home/pratiksha/dev/Neo4j-Client/src/Objects/Bookmarks.php">
      <class name="Neo4j\QueryAPI\Objects\Bookmarks" namespace="global">
        <metrics complexity="5" methods="4" coveredmethods="4" conditionals="0" coveredconditionals="0" statements="5" coveredstatements="5" elements="9" coveredelements="9"/>
      </class>
      <line num="9" type="method" name="__construct" visibility="public" complexity="1" crap="1" count="58"/>
      <line num="11" type="stmt" count="58"/>
      <line num="13" type="method" name="addBookmarks" visibility="public" complexity="2" crap="2" count="3"/>
      <line num="15" type="stmt" count="3"/>
      <line num="16" type="stmt" count="2"/>
      <line num="20" type="method" name="count" visibility="public" complexity="1" crap="1" count="19"/>
      <line num="23" type="stmt" count="19"/>
      <line num="26" type="method" name="jsonSerialize" visibility="public" complexity="1" crap="1" count="47"/>
      <line num="29" type="stmt" count="47"/>
      <metrics loc="32" ncloc="32" classes="1" methods="4" coveredmethods="4" conditionals="0" coveredconditionals="0" statements="5" coveredstatements="5" elements="9" coveredelements="9"/>
    </file>
    <file name="/home/pratiksha/dev/Neo4j-Client/src/Objects/Node.php">
      <class name="Neo4j\QueryAPI\Objects\Node" namespace="global">
        <metrics complexity="2" methods="2" coveredmethods="2" conditionals="0" coveredconditionals="0" statements="5" coveredstatements="5" elements="7" coveredelements="7"/>
      </class>
      <line num="17" type="method" name="__construct" visibility="public" complexity="1" crap="1" count="15"/>
      <line num="19" type="stmt" count="15"/>
      <line num="25" type="method" name="toArray" visibility="public" complexity="1" crap="1" count="1"/>
      <line num="27" type="stmt" count="1"/>
      <line num="28" type="stmt" count="1"/>
      <line num="29" type="stmt" count="1"/>
      <line num="30" type="stmt" count="1"/>
      <metrics loc="34" ncloc="21" classes="1" methods="2" coveredmethods="2" conditionals="0" coveredconditionals="0" statements="5" coveredstatements="5" elements="7" coveredelements="7"/>
    </file>
    <file name="/home/pratiksha/dev/Neo4j-Client/src/Objects/Path.php">
      <class name="Neo4j\QueryAPI\Objects\Path" namespace="global">
        <metrics complexity="1" methods="1" coveredmethods="1" conditionals="0" coveredconditionals="0" statements="2" coveredstatements="2" elements="3" coveredelements="3"/>
      </class>
      <line num="27" type="method" name="__construct" visibility="public" complexity="1" crap="1" count="3"/>
      <line num="29" type="stmt" count="3"/>
      <line num="30" type="stmt" count="3"/>
      <metrics loc="34" ncloc="19" classes="1" methods="1" coveredmethods="1" conditionals="0" coveredconditionals="0" statements="2" coveredstatements="2" elements="3" coveredelements="3"/>
    </file>
    <file name="/home/pratiksha/dev/Neo4j-Client/src/Objects/Point.php">
      <class name="Neo4j\QueryAPI\Objects\Point" namespace="global">
        <metrics complexity="2" methods="2" coveredmethods="2" conditionals="0" coveredconditionals="0" statements="2" coveredstatements="2" elements="4" coveredelements="4"/>
      </class>
      <line num="16" type="method" name="__construct" visibility="public" complexity="1" crap="1" count="11"/>
      <line num="22" type="stmt" count="11"/>
      <line num="29" type="method" name="__toString" visibility="public" complexity="1" crap="1" count="2"/>
      <line num="31" type="stmt" count="2"/>
      <metrics loc="35" ncloc="21" classes="1" methods="2" coveredmethods="2" conditionals="0" coveredconditionals="0" statements="2" coveredstatements="2" elements="4" coveredelements="4"/>
    </file>
    <file name="/home/pratiksha/dev/Neo4j-Client/src/Objects/ProfiledQueryPlan.php">
      <class name="Neo4j\QueryAPI\Objects\ProfiledQueryPlan" namespace="global">
        <metrics complexity="1" methods="1" coveredmethods="1" conditionals="0" coveredconditionals="0" statements="1" coveredstatements="1" elements="2" coveredelements="2"/>
      </class>
      <line num="7" type="method" name="__construct" visibility="public" complexity="1" crap="1" count="7"/>
      <line num="20" type="stmt" count="7"/>
      <metrics loc="22" ncloc="22" classes="1" methods="1" coveredmethods="1" conditionals="0" coveredconditionals="0" statements="1" coveredstatements="1" elements="2" coveredelements="2"/>
    </file>
    <file name="/home/pratiksha/dev/Neo4j-Client/src/Objects/ProfiledQueryPlanArguments.php">
      <class name="Neo4j\QueryAPI\Objects\ProfiledQueryPlanArguments" namespace="global">
        <metrics complexity="1" methods="1" coveredmethods="1" conditionals="0" coveredconditionals="0" statements="1" coveredstatements="1" elements="2" coveredelements="2"/>
      </class>
      <line num="7" type="method" name="__construct" visibility="public" complexity="1" crap="1" count="7"/>
      <line num="29" type="stmt" count="7"/>
      <metrics loc="31" ncloc="31" classes="1" methods="1" coveredmethods="1" conditionals="0" coveredconditionals="0" statements="1" coveredstatements="1" elements="2" coveredelements="2"/>
    </file>
    <file name="/home/pratiksha/dev/Neo4j-Client/src/Objects/Relationship.php">
      <class name="Neo4j\QueryAPI\Objects\Relationship" namespace="global">
        <metrics complexity="1" methods="1" coveredmethods="1" conditionals="0" coveredconditionals="0" statements="2" coveredstatements="2" elements="3" coveredelements="3"/>
      </class>
      <line num="27" type="method" name="__construct" visibility="public" complexity="1" crap="1" count="8"/>
      <line num="29" type="stmt" count="8"/>
      <line num="30" type="stmt" count="8"/>
      <metrics loc="34" ncloc="19" classes="1" methods="1" coveredmethods="1" conditionals="0" coveredconditionals="0" statements="2" coveredstatements="2" elements="3" coveredelements="3"/>
    </file>
    <file name="/home/pratiksha/dev/Neo4j-Client/src/Objects/ResultCounters.php">
      <class name="Neo4j\QueryAPI\Objects\ResultCounters" namespace="global">
        <metrics complexity="1" methods="1" coveredmethods="1" conditionals="0" coveredconditionals="0" statements="1" coveredstatements="1" elements="2" coveredelements="2"/>
      </class>
      <line num="7" type="method" name="__construct" visibility="public" complexity="1" crap="1" count="38"/>
      <line num="23" type="stmt" count="38"/>
      <metrics loc="26" ncloc="26" classes="1" methods="1" coveredmethods="1" conditionals="0" coveredconditionals="0" statements="1" coveredstatements="1" elements="2" coveredelements="2"/>
    </file>
    <file name="/home/pratiksha/dev/Neo4j-Client/src/ResponseParser.php">
      <class name="Neo4j\QueryAPI\ResponseParser" namespace="global">
        <metrics complexity="20" methods="9" coveredmethods="9" conditionals="0" coveredconditionals="0" statements="88" coveredstatements="88" elements="97" coveredelements="97"/>
      </class>
      <line num="18" type="method" name="__construct" visibility="public" complexity="1" crap="1" count="47"/>
      <line num="20" type="stmt" count="47"/>
      <line num="22" type="method" name="parseRunQueryResponse" visibility="public" complexity="2" crap="2" count="44"/>
      <line num="24" type="stmt" count="44"/>
      <line num="26" type="stmt" count="41"/>
      <line num="27" type="stmt" count="41"/>
      <line num="28" type="stmt" count="41"/>
      <line num="29" type="stmt" count="41"/>
      <line num="30" type="stmt" count="41"/>
      <line num="32" type="stmt" count="41"/>
      <line num="35" type="method" name="validateAndDecodeResponse" visibility="private" complexity="3" crap="3" count="44"/>
      <line num="37" type="stmt" count="44"/>
      <line num="38" type="stmt" count="4"/>
      <line num="39" type="stmt" count="4"/>
      <line num="42" type="stmt" count="42"/>
      <line num="43" type="stmt" count="42"/>
      <line num="45" type="stmt" count="42"/>
      <line num="46" type="stmt" count="1"/>
      <line num="49" type="stmt" count="41"/>
      <line num="60" type="method" name="mapRows" visibility="private" complexity="2" crap="2" count="41"/>
      <line num="62" type="stmt" count="41"/>
      <line num="63" type="stmt" count="41"/>
      <line num="64" type="stmt" count="41"/>
      <line num="65" type="stmt" count="41"/>
      <line num="66" type="stmt" count="41"/>
      <line num="67" type="stmt" count="41"/>
      <line num="68" type="stmt" count="41"/>
      <line num="69" type="stmt" count="41"/>
      <line num="70" type="stmt" count="41"/>
      <line num="79" type="method" name="formatOGMOutput" visibility="private" complexity="4" crap="4" count="29"/>
      <line num="81" type="stmt" count="29"/>
      <line num="82" type="stmt" count="28"/>
      <line num="85" type="stmt" count="1"/>
      <line num="88" type="method" name="buildCounters" visibility="private" complexity="1" crap="1" count="38"/>
      <line num="90" type="stmt" count="38"/>
      <line num="91" type="stmt" count="38"/>
      <line num="92" type="stmt" count="38"/>
      <line num="93" type="stmt" count="38"/>
      <line num="94" type="stmt" count="38"/>
      <line num="95" type="stmt" count="38"/>
      <line num="96" type="stmt" count="38"/>
      <line num="97" type="stmt" count="38"/>
      <line num="98" type="stmt" count="38"/>
      <line num="99" type="stmt" count="38"/>
      <line num="100" type="stmt" count="38"/>
      <line num="101" type="stmt" count="38"/>
      <line num="102" type="stmt" count="38"/>
      <line num="103" type="stmt" count="38"/>
      <line num="104" type="stmt" count="38"/>
      <line num="107" type="method" name="buildBookmarks" visibility="private" complexity="1" crap="1" count="41"/>
      <line num="109" type="stmt" count="41"/>
      <line num="112" type="method" name="getAccessMode" visibility="private" complexity="1" crap="1" count="41"/>
      <line num="114" type="stmt" count="41"/>
      <line num="117" type="method" name="buildProfiledQueryPlan" visibility="private" complexity="5" crap="5" count="41"/>
      <line num="119" type="stmt" count="41"/>
      <line num="120" type="stmt" count="34"/>
      <line num="124" type="stmt" count="7"/>
      <line num="125" type="stmt" count="7"/>
      <line num="126" type="stmt" count="7"/>
      <line num="128" type="stmt" count="1"/>
      <line num="129" type="stmt" count="7"/>
      <line num="131" type="stmt" count="7"/>
      <line num="132" type="stmt" count="7"/>
      <line num="133" type="stmt" count="7"/>
      <line num="134" type="stmt" count="7"/>
      <line num="135" type="stmt" count="7"/>
      <line num="136" type="stmt" count="7"/>
      <line num="137" type="stmt" count="7"/>
      <line num="138" type="stmt" count="7"/>
      <line num="139" type="stmt" count="7"/>
      <line num="140" type="stmt" count="7"/>
      <line num="141" type="stmt" count="7"/>
      <line num="142" type="stmt" count="7"/>
      <line num="143" type="stmt" count="7"/>
      <line num="144" type="stmt" count="7"/>
      <line num="145" type="stmt" count="7"/>
      <line num="146" type="stmt" count="7"/>
      <line num="147" type="stmt" count="7"/>
      <line num="148" type="stmt" count="7"/>
      <line num="149" type="stmt" count="7"/>
      <line num="150" type="stmt" count="7"/>
      <line num="151" type="stmt" count="7"/>
      <line num="152" type="stmt" count="7"/>
      <line num="153" type="stmt" count="7"/>
      <line num="155" type="stmt" count="7"/>
      <line num="156" type="stmt" count="7"/>
      <line num="157" type="stmt" count="7"/>
      <line num="158" type="stmt" count="7"/>
      <line num="159" type="stmt" count="7"/>
      <line num="160" type="stmt" count="7"/>
      <line num="161" type="stmt" count="7"/>
      <line num="162" type="stmt" count="7"/>
      <line num="163" type="stmt" count="7"/>
      <line num="164" type="stmt" count="7"/>
      <line num="165" type="stmt" count="7"/>
      <line num="166" type="stmt" count="7"/>
      <line num="167" type="stmt" count="7"/>
      <metrics loc="171" ncloc="156" classes="1" methods="9" coveredmethods="9" conditionals="0" coveredconditionals="0" statements="88" coveredstatements="88" elements="97" coveredelements="97"/>
    </file>
    <file name="/home/pratiksha/dev/Neo4j-Client/src/Results/ResultRow.php">
      <class name="Neo4j\QueryAPI\Results\ResultRow" namespace="global">
        <metrics complexity="9" methods="8" coveredmethods="8" conditionals="0" coveredconditionals="0" statements="10" coveredstatements="10" elements="18" coveredelements="18"/>
      </class>
      <line num="23" type="method" name="__construct" visibility="public" complexity="1" crap="1" count="41"/>
      <line num="25" type="stmt" count="41"/>
      <line num="28" type="method" name="offsetGet" visibility="public" complexity="2" crap="2" count="5"/>
      <line num="31" type="stmt" count="5"/>
      <line num="32" type="stmt" count="2"/>
      <line num="34" type="stmt" count="3"/>
      <line num="38" type="method" name="offsetExists" visibility="public" complexity="1" crap="1" count="6"/>
      <line num="41" type="stmt" count="6"/>
      <line num="44" type="method" name="offsetSet" visibility="public" complexity="1" crap="1" count="2"/>
      <line num="47" type="stmt" count="2"/>
      <line num="49" type="method" name="offsetUnset" visibility="public" complexity="1" crap="1" count="2"/>
      <line num="52" type="stmt" count="2"/>
      <line num="55" type="method" name="get" visibility="public" complexity="1" crap="1" count="1"/>
      <line num="57" type="stmt" count="1"/>
      <line num="59" type="method" name="count" visibility="public" complexity="1" crap="1" count="1"/>
      <line num="62" type="stmt" count="1"/>
      <line num="65" type="method" name="getIterator" visibility="public" complexity="1" crap="1" count="1"/>
      <line num="68" type="stmt" count="1"/>
      <metrics loc="71" ncloc="65" classes="1" methods="8" coveredmethods="8" conditionals="0" coveredconditionals="0" statements="10" coveredstatements="10" elements="18" coveredelements="18"/>
    </file>
    <file name="/home/pratiksha/dev/Neo4j-Client/src/Results/ResultSet.php">
      <class name="Neo4j\QueryAPI\Results\ResultSet" namespace="global">
        <metrics complexity="3" methods="3" coveredmethods="3" conditionals="0" coveredconditionals="0" statements="3" coveredstatements="3" elements="6" coveredelements="6"/>
      </class>
      <line num="23" type="method" name="__construct" visibility="public" complexity="1" crap="1" count="41"/>
      <line num="30" type="stmt" count="41"/>
      <line num="35" type="method" name="getIterator" visibility="public" complexity="1" crap="1" count="16"/>
      <line num="38" type="stmt" count="16"/>
      <line num="42" type="method" name="count" visibility="public" complexity="1" crap="1" count="5"/>
      <line num="45" type="stmt" count="5"/>
      <metrics loc="49" ncloc="39" classes="1" methods="3" coveredmethods="3" conditionals="0" coveredconditionals="0" statements="3" coveredstatements="3" elements="6" coveredelements="6"/>
    </file>
    <file name="/home/pratiksha/dev/Neo4j-Client/src/Transaction.php">
      <class name="Neo4j\QueryAPI\Transaction" namespace="global">
        <metrics complexity="9" methods="5" coveredmethods="3" conditionals="0" coveredconditionals="0" statements="18" coveredstatements="10" elements="23" coveredelements="13"/>
      </class>
      <line num="14" type="method" name="__construct" visibility="public" complexity="1" crap="1" count="4"/>
      <line num="21" type="stmt" count="4"/>
      <line num="31" type="method" name="run" visibility="public" complexity="3" crap="3.47" count="4"/>
      <line num="33" type="stmt" count="4"/>
      <line num="35" type="stmt" count="4"/>
      <line num="38" type="stmt" count="4"/>
      <line num="39" type="stmt" count="0"/>
      <line num="40" type="stmt" count="0"/>
      <line num="43" type="stmt" count="4"/>
      <line num="44" type="stmt" count="0"/>
      <line num="47" type="stmt" count="4"/>
      <line num="50" type="method" name="commit" visibility="public" complexity="1" crap="1" count="2"/>
      <line num="52" type="stmt" count="2"/>
      <line num="53" type="stmt" count="2"/>
      <line num="56" type="method" name="rollback" visibility="public" complexity="1" crap="1" count="2"/>
      <line num="58" type="stmt" count="2"/>
      <line num="59" type="stmt" count="2"/>
      <line num="67" type="method" name="handleRequestException" visibility="private" complexity="3" crap="12" count="0"/>
      <line num="69" type="stmt" count="0"/>
      <line num="71" type="stmt" count="0"/>
      <line num="72" type="stmt" count="0"/>
      <line num="73" type="stmt" count="0"/>
      <line num="76" type="stmt" count="0"/>
      <metrics loc="79" ncloc="66" classes="1" methods="5" coveredmethods="3" conditionals="0" coveredconditionals="0" statements="18" coveredstatements="10" elements="23" coveredelements="13"/>
    </file>
    <metrics files="23" loc="1231" ncloc="1091" classes="21" methods="81" coveredmethods="73" conditionals="0" coveredconditionals="0" statements="310" coveredstatements="289" elements="391" coveredelements="362"/>
  </project>
</coverage>
